2026-07-02 15:08:02 | INFO | M01 | === RUN START ===
2026-07-02 15:08:02 | INFO | M01 | project=M01
2026-07-02 15:08:02 | INFO | M01 | repo_dir=ml-01-intro
2026-07-02 15:08:02 | INFO | M01 | python=3.14.3
2026-07-02 15:08:02 | INFO | M01 | os=Windows 11
2026-07-02 15:08:02 | INFO | M01 | shell=powershell
2026-07-02 15:08:02 | INFO | M01 | cwd=notebooks
2026-07-02 15:08:02 | INFO | M01 | github_actions=False
2026-07-02 15:08:02 | INFO | M01 | Confirming installation:
2026-07-02 15:08:02 | INFO | M01 |   python:       3.14.3
2026-07-02 15:08:02 | INFO | M01 |   pandas:       3.0.3
2026-07-02 15:08:02 | INFO | M01 |   numpy:        2.5.0
2026-07-02 15:08:02 | INFO | M01 |   scikit-learn: 1.9.0
2026-07-02 15:08:02 | INFO | M01 |   seaborn:      0.13.2
2026-07-02 15:08:02 | INFO | M01 |   matplotlib:   3.11.0
2026-07-02 15:08:02 | INFO | M01 | Built-in Seaborn datasets: ['anagrams', 'anscombe', 'attention', 'brain_networks', 'car_crashes', 'diamonds', 'dots', 'dowjones', 'exercise', 'flights', 'fmri', 'geyser', 'glue', 'healthexp', 'iris', 'mpg', 'penguins', 'planets', 'seaice', 'taxis', 'tips', 'titanic']
2026-07-02 15:08:02 | INFO | M01 | Loading dataset: penguins
2026-07-02 15:08:02 | INFO | M01 | Loaded: 344 rows (instances), 7 columns
2026-07-02 15:08:02 | INFO | M01 | Instances (rows): 344
2026-07-02 15:08:02 | INFO | M01 | Columns:          7
2026-07-02 15:08:02 | INFO | M01 | Numeric columns (regression target / numeric feature): ['bill_length_mm', 'bill_depth_mm', 'flipper_length_mm', 'body_mass_g']
2026-07-02 15:08:02 | INFO | M01 | Categorical columns (classification target / category): ['species', 'island', 'sex']
2026-07-02 15:08:02 | INFO | M01 | Missing values by column:
species               0
island                0
bill_length_mm        2
bill_depth_mm         2
flipper_length_mm     2
body_mass_g           2
sex                  11
dtype: int64
2026-07-02 15:08:02 | INFO | M01 | Missing values across all columns: 19
2026-07-02 15:08:02 | DEBUG | M01 | First rows:
2026-07-02 15:08:02 | DEBUG | M01 | 
  species     island  bill_length_mm  bill_depth_mm  flipper_length_mm  body_mass_g     sex
0  Adelie  Torgersen            39.1           18.7              181.0       3750.0    Male
1  Adelie  Torgersen            39.5           17.4              186.0       3800.0  Female
2  Adelie  Torgersen            40.3           18.0              195.0       3250.0  Female
3  Adelie  Torgersen             NaN            NaN                NaN          NaN     NaN
4  Adelie  Torgersen            36.7           19.3              193.0       3450.0  Female
2026-07-02 15:08:03 | INFO | M01 | Chosen target (y): species
2026-07-02 15:08:03 | INFO | M01 | Target is numeric? False
2026-07-02 15:08:03 | INFO | M01 | Implied problem type: classification (we want to predict a category)
2026-07-02 15:08:03 | INFO | M01 | Candidate features (X): ['island', 'bill_length_mm', 'bill_depth_mm', 'flipper_length_mm', 'body_mass_g', 'sex']
2026-07-02 15:08:03 | INFO | M01 | ========================
2026-07-02 15:08:03 | INFO | M01 | SUMMARY OF KEY FACTS
2026-07-02 15:08:03 | INFO | M01 | ========================
2026-07-02 15:08:03 | INFO | M01 | Dataset:           penguins
2026-07-02 15:08:03 | INFO | M01 | Instances:         344
2026-07-02 15:08:03 | INFO | M01 | Candidate target:  species
2026-07-02 15:08:03 | INFO | M01 | Problem type:      classification (we want to predict a category)
2026-07-02 15:08:03 | INFO | M01 | Candidate features: ['island', 'bill_length_mm', 'bill_depth_mm', 'flipper_length_mm', 'body_mass_g', 'sex']
2026-07-02 15:08:03 | INFO | M01 | ========================
2026-07-02 15:16:57 | INFO | ML | === RUN START ===
2026-07-02 15:16:57 | INFO | ML | project=ML
2026-07-02 15:16:57 | INFO | ML | repo_dir=ml-01-intro
2026-07-02 15:16:57 | INFO | ML | python=3.14.3
2026-07-02 15:16:57 | INFO | ML | os=Windows 11
2026-07-02 15:16:57 | INFO | ML | shell=powershell
2026-07-02 15:16:57 | INFO | ML | cwd=.
2026-07-02 15:16:57 | INFO | ML | github_actions=False
2026-07-02 15:16:57 | INFO | ML | === RUN START ===
2026-07-02 15:16:57 | INFO | ML | project=ML
2026-07-02 15:16:57 | INFO | ML | repo_dir=ml-01-intro
2026-07-02 15:16:57 | INFO | ML | python=3.14.3
2026-07-02 15:16:57 | INFO | ML | os=Windows 11
2026-07-02 15:16:57 | INFO | ML | shell=powershell
2026-07-02 15:16:57 | INFO | ML | cwd=.
2026-07-02 15:16:57 | INFO | ML | github_actions=False
2026-07-02 15:16:57 | INFO | ML | ========================
2026-07-02 15:16:57 | INFO | ML | START main()
2026-07-02 15:16:57 | INFO | ML | ========================
2026-07-02 15:16:57 | INFO | ML | Load dataset..............
2026-07-02 15:16:57 | INFO | ML | Loading dataset: hours_scores_case
2026-07-02 15:16:57 | INFO | ML | Loaded: 10 rows, 6 columns
2026-07-02 15:16:57 | DEBUG | ML | 
   hours_studied  practice_quizzes  attendance_pct  sleep_hours  prior_score  score
0            2.0                 1              72          6.0           58     62
1            3.5                 2              80          6.5           61     68
2            4.0                 3              85          7.0           64     72
3            5.0                 3              88          7.5           66     76
4            6.0                 4              90          7.0           70     81
2026-07-02 15:16:57 | INFO | ML | Inspect dataset...........
2026-07-02 15:16:57 | INFO | ML | Column names
2026-07-02 15:16:57 | DEBUG | ML | ['hours_studied', 'practice_quizzes', 'attendance_pct', 'sleep_hours', 'prior_score', 'score']
2026-07-02 15:16:57 | INFO | ML | DataFrame info
2026-07-02 15:16:57 | INFO | ML | Dataset shape: 10 rows, 6 columns
2026-07-02 15:16:57 | INFO | ML | Check data quality........
2026-07-02 15:16:57 | INFO | ML | Missing values by column
2026-07-02 15:16:57 | DEBUG | ML | 
hours_studied       0
practice_quizzes    0
attendance_pct      0
sleep_hours         0
prior_score         0
score               0
dtype: int64
2026-07-02 15:16:57 | INFO | ML | Duplicate row count: 0
2026-07-02 15:16:57 | INFO | ML | Create clean view.........
2026-07-02 15:16:57 | INFO | ML | Creating clean modeling view
2026-07-02 15:16:57 | INFO | ML | Clean view: 10 rows, 6 columns
2026-07-02 15:16:57 | INFO | ML | Train supervised model....
2026-07-02 15:16:57 | INFO | ML | Training LinearRegression model
2026-07-02 15:16:58 | INFO | ML | Mean absolute error: 0.48
2026-07-02 15:16:58 | INFO | ML | R-squared: 1.00
2026-07-02 15:16:58 | INFO | ML | Predict one case..........
2026-07-02 15:16:58 | INFO | ML | Predicting one new case
2026-07-02 15:16:58 | INFO | ML | New case:
   hours_studied  practice_quizzes  attendance_pct  sleep_hours  prior_score
0            6.5                 4              92          7.0           72
2026-07-02 15:16:58 | INFO | ML | Predicted score: 83.4
2026-07-02 15:16:58 | INFO | ML | Create charts.............
2026-07-02 15:16:58 | INFO | ML | Creating chart: hours studied vs score
2026-07-02 15:16:59 | INFO | ML | Creating chart: model coefficients
2026-07-02 15:16:59 | INFO | ML | Got a figure Figure(900x500) and axes Axes(0.125,0.11;0.775x0.77) from plt.subplots().
2026-07-02 15:16:59 | INFO | ML | Summarize workflow........
2026-07-02 15:16:59 | INFO | ML | ========================
2026-07-02 15:16:59 | INFO | ML | SUMMARY
2026-07-02 15:16:59 | INFO | ML | ========================
2026-07-02 15:16:59 | INFO | ML | Dataset: hours_scores_case
2026-07-02 15:16:59 | INFO | ML | Original rows: 10
2026-07-02 15:16:59 | INFO | ML | Clean rows: 10
2026-07-02 15:16:59 | INFO | ML | Features: ['hours_studied', 'practice_quizzes', 'attendance_pct', 'sleep_hours', 'prior_score']
2026-07-02 15:16:59 | INFO | ML | Target: score
2026-07-02 15:16:59 | INFO | ML | ----- in a script, call plt.show() once at the end to display all charts -----
2026-07-02 15:16:59 | INFO | ML | ----- in a script, CLOSE the chart windows with the close button to CONTINUE -----
2026-07-02 15:31:39 | INFO | ML | Workflow complete
2026-07-02 15:31:39 | INFO | ML | IMPORTANT: This script creates chart windows.
2026-07-02 15:31:39 | INFO | ML | Close chart windows and terminate this process with CTRL+c as needed.
2026-07-02 15:31:39 | INFO | ML | ========================
2026-07-02 15:31:39 | INFO | ML | Executed successfully!
2026-07-02 15:31:39 | INFO | ML | ========================
2026-07-05 11:49:55 | INFO | ML | === RUN START ===
2026-07-05 11:49:55 | INFO | ML | project=ML
2026-07-05 11:49:55 | INFO | ML | repo_dir=ml-01-intro
2026-07-05 11:49:55 | INFO | ML | python=3.14.3
2026-07-05 11:49:55 | INFO | ML | os=Windows 11
2026-07-05 11:49:55 | INFO | ML | shell=powershell
2026-07-05 11:49:55 | INFO | ML | cwd=.
2026-07-05 11:49:55 | INFO | ML | github_actions=False
2026-07-05 11:49:55 | INFO | ML | === RUN START ===
2026-07-05 11:49:55 | INFO | ML | project=ML
2026-07-05 11:49:55 | INFO | ML | repo_dir=ml-01-intro
2026-07-05 11:49:55 | INFO | ML | python=3.14.3
2026-07-05 11:49:55 | INFO | ML | os=Windows 11
2026-07-05 11:49:55 | INFO | ML | shell=powershell
2026-07-05 11:49:55 | INFO | ML | cwd=.
2026-07-05 11:49:55 | INFO | ML | github_actions=False
2026-07-05 11:49:55 | INFO | ML | ========================
2026-07-05 11:49:55 | INFO | ML | START main()
2026-07-05 11:49:55 | INFO | ML | ========================
2026-07-05 11:49:55 | INFO | ML | Load dataset..............
2026-07-05 11:49:55 | INFO | ML | Loading dataset: hours_scores_case
2026-07-05 11:49:55 | INFO | ML | Loaded: 10 rows, 6 columns
2026-07-05 11:49:55 | DEBUG | ML | 
   hours_studied  practice_quizzes  attendance_pct  sleep_hours  prior_score  score
0            2.0                 1              72          6.0           58     62
1            3.5                 2              80          6.5           61     68
2            4.0                 3              85          7.0           64     72
3            5.0                 3              88          7.5           66     76
4            6.0                 4              90          7.0           70     81
2026-07-05 11:49:55 | INFO | ML | Inspect dataset...........
2026-07-05 11:49:55 | INFO | ML | Column names
2026-07-05 11:49:55 | DEBUG | ML | ['hours_studied', 'practice_quizzes', 'attendance_pct', 'sleep_hours', 'prior_score', 'score']
2026-07-05 11:49:55 | INFO | ML | DataFrame info
2026-07-05 11:49:55 | INFO | ML | Dataset shape: 10 rows, 6 columns
2026-07-05 11:49:55 | INFO | ML | Check data quality........
2026-07-05 11:49:55 | INFO | ML | Missing values by column
2026-07-05 11:49:55 | DEBUG | ML | 
hours_studied       0
practice_quizzes    0
attendance_pct      0
sleep_hours         0
prior_score         0
score               0
dtype: int64
2026-07-05 11:49:55 | INFO | ML | Duplicate row count: 0
2026-07-05 11:49:55 | INFO | ML | Create clean view.........
2026-07-05 11:49:55 | INFO | ML | Creating clean modeling view
2026-07-05 11:49:55 | INFO | ML | Clean view: 10 rows, 6 columns
2026-07-05 11:49:55 | INFO | ML | Train supervised model....
2026-07-05 11:49:55 | INFO | ML | Training LinearRegression model
2026-07-05 11:49:55 | INFO | ML | Mean absolute error: 0.48
2026-07-05 11:49:55 | INFO | ML | R-squared: 1.00
2026-07-05 11:49:55 | INFO | ML | Predict one case..........
2026-07-05 11:49:55 | INFO | ML | Predicting one new case
2026-07-05 11:49:55 | INFO | ML | New case:
   hours_studied  practice_quizzes  attendance_pct  sleep_hours  prior_score
0            1.5                 8              95          8.0           85
2026-07-05 11:49:55 | INFO | ML | Predicted score: 74.6
2026-07-05 11:49:55 | INFO | ML | Summarize workflow........
2026-07-05 11:49:55 | INFO | ML | ========================
2026-07-05 11:49:55 | INFO | ML | SUMMARY
2026-07-05 11:49:55 | INFO | ML | ========================
2026-07-05 11:49:55 | INFO | ML | Dataset: hours_scores_case
2026-07-05 11:49:55 | INFO | ML | Original rows: 10
2026-07-05 11:49:55 | INFO | ML | Clean rows: 10
2026-07-05 11:49:55 | INFO | ML | Features: ['hours_studied', 'practice_quizzes', 'attendance_pct', 'sleep_hours', 'prior_score']
2026-07-05 11:49:55 | INFO | ML | Target: score
2026-07-05 11:49:55 | INFO | ML | Workflow complete
2026-07-05 11:49:55 | INFO | ML | IMPORTANT: This script creates chart windows.
2026-07-05 11:49:55 | INFO | ML | Close chart windows and terminate this process with CTRL+c as needed.
2026-07-05 11:49:55 | INFO | ML | ========================
2026-07-05 11:49:55 | INFO | ML | Executed successfully!
2026-07-05 11:49:55 | INFO | ML | ========================
2026-07-05 12:01:15 | INFO | M01 | === RUN START ===
2026-07-05 12:01:15 | INFO | M01 | project=M01
2026-07-05 12:01:15 | INFO | M01 | repo_dir=ml-01-intro
2026-07-05 12:01:15 | INFO | M01 | python=3.14.3
2026-07-05 12:01:15 | INFO | M01 | os=Windows 11
2026-07-05 12:01:15 | INFO | M01 | shell=powershell
2026-07-05 12:01:15 | INFO | M01 | cwd=notebooks
2026-07-05 12:01:15 | INFO | M01 | github_actions=False
2026-07-05 12:01:15 | INFO | M01 | Confirming installation:
2026-07-05 12:01:15 | INFO | M01 |   python:       3.14.3
2026-07-05 12:01:15 | INFO | M01 |   pandas:       3.0.3
2026-07-05 12:01:15 | INFO | M01 |   numpy:        2.5.0
2026-07-05 12:01:15 | INFO | M01 |   scikit-learn: 1.9.0
2026-07-05 12:01:15 | INFO | M01 |   seaborn:      0.13.2
2026-07-05 12:01:15 | INFO | M01 |   matplotlib:   3.11.0
2026-07-05 12:01:15 | INFO | M01 | Built-in Seaborn datasets: ['anagrams', 'anscombe', 'attention', 'brain_networks', 'car_crashes', 'diamonds', 'dots', 'dowjones', 'exercise', 'flights', 'fmri', 'geyser', 'glue', 'healthexp', 'iris', 'mpg', 'penguins', 'planets', 'seaice', 'taxis', 'tips', 'titanic']
2026-07-05 12:01:15 | INFO | M01 | Loading dataset: titanic
2026-07-05 12:01:15 | INFO | M01 | Loaded: 891 rows (instances), 15 columns
2026-07-05 12:01:16 | INFO | M01 | Instances (rows): 891
2026-07-05 12:01:16 | INFO | M01 | Columns:          15
2026-07-05 12:01:16 | INFO | M01 | Numeric columns (regression target / numeric feature): ['survived', 'pclass', 'age', 'sibsp', 'parch', 'fare']
2026-07-05 12:01:16 | INFO | M01 | Categorical columns (classification target / category): ['sex', 'embarked', 'class', 'who', 'adult_male', 'deck', 'embark_town', 'alive', 'alone']
2026-07-05 12:01:16 | INFO | M01 | Missing values by column:
survived         0
pclass           0
sex              0
age            177
sibsp            0
parch            0
fare             0
embarked         2
class            0
who              0
adult_male       0
deck           688
embark_town      2
alive            0
alone            0
dtype: int64
2026-07-05 12:01:16 | INFO | M01 | Missing values across all columns: 869
2026-07-05 12:01:16 | DEBUG | M01 | First rows:
2026-07-05 12:01:16 | DEBUG | M01 | 
   survived  pclass     sex   age  sibsp  parch     fare embarked  class    who  adult_male deck  embark_town alive  \
0         0       3    male  22.0      1      0   7.2500        S  Third    man        True  NaN  Southampton    no   
1         1       1  female  38.0      1      0  71.2833        C  First  woman       False    C    Cherbourg   yes   
2         1       3  female  26.0      0      0   7.9250        S  Third  woman       False  NaN  Southampton   yes   
3         1       1  female  35.0      1      0  53.1000        S  First  woman       False    C  Southampton   yes   
4         0       3    male  35.0      0      0   8.0500        S  Third    man        True  NaN  Southampton    no   

   alone  
0  False  
1  False  
2   True  
3  False  
4   True  
2026-07-05 12:01:16 | WARNING | M01 | CANDIDATE_TARGET 'species' is not a column.
2026-07-05 12:01:16 | WARNING | M01 | Available columns: ['survived', 'pclass', 'sex', 'age', 'sibsp', 'parch', 'fare', 'embarked', 'class', 'who', 'adult_male', 'deck', 'embark_town', 'alive', 'alone']
2026-07-05 12:01:16 | INFO | M01 | Chosen target (y): species
2026-07-05 12:01:34 | INFO | M01 | === RUN START ===
2026-07-05 12:01:34 | INFO | M01 | project=M01
2026-07-05 12:01:34 | INFO | M01 | repo_dir=ml-01-intro
2026-07-05 12:01:34 | INFO | M01 | python=3.14.3
2026-07-05 12:01:34 | INFO | M01 | os=Windows 11
2026-07-05 12:01:34 | INFO | M01 | shell=powershell
2026-07-05 12:01:34 | INFO | M01 | cwd=notebooks
2026-07-05 12:01:34 | INFO | M01 | github_actions=False
2026-07-05 12:01:34 | INFO | M01 | Confirming installation:
2026-07-05 12:01:34 | INFO | M01 |   python:       3.14.3
2026-07-05 12:01:34 | INFO | M01 |   pandas:       3.0.3
2026-07-05 12:01:34 | INFO | M01 |   numpy:        2.5.0
2026-07-05 12:01:34 | INFO | M01 |   scikit-learn: 1.9.0
2026-07-05 12:01:34 | INFO | M01 |   seaborn:      0.13.2
2026-07-05 12:01:34 | INFO | M01 |   matplotlib:   3.11.0
2026-07-05 12:01:35 | INFO | M01 | Built-in Seaborn datasets: ['anagrams', 'anscombe', 'attention', 'brain_networks', 'car_crashes', 'diamonds', 'dots', 'dowjones', 'exercise', 'flights', 'fmri', 'geyser', 'glue', 'healthexp', 'iris', 'mpg', 'penguins', 'planets', 'seaice', 'taxis', 'tips', 'titanic']
2026-07-05 12:02:00 | INFO | M01 | === RUN START ===
2026-07-05 12:02:00 | INFO | M01 | project=M01
2026-07-05 12:02:00 | INFO | M01 | repo_dir=ml-01-intro
2026-07-05 12:02:00 | INFO | M01 | python=3.14.3
2026-07-05 12:02:00 | INFO | M01 | os=Windows 11
2026-07-05 12:02:00 | INFO | M01 | shell=powershell
2026-07-05 12:02:00 | INFO | M01 | cwd=notebooks
2026-07-05 12:02:00 | INFO | M01 | github_actions=False
2026-07-05 12:02:00 | INFO | M01 | Confirming installation:
2026-07-05 12:02:00 | INFO | M01 |   python:       3.14.3
2026-07-05 12:02:00 | INFO | M01 |   pandas:       3.0.3
2026-07-05 12:02:00 | INFO | M01 |   numpy:        2.5.0
2026-07-05 12:02:00 | INFO | M01 |   scikit-learn: 1.9.0
2026-07-05 12:02:00 | INFO | M01 |   seaborn:      0.13.2
2026-07-05 12:02:00 | INFO | M01 |   matplotlib:   3.11.0
2026-07-05 12:02:00 | INFO | M01 | Built-in Seaborn datasets: ['anagrams', 'anscombe', 'attention', 'brain_networks', 'car_crashes', 'diamonds', 'dots', 'dowjones', 'exercise', 'flights', 'fmri', 'geyser', 'glue', 'healthexp', 'iris', 'mpg', 'penguins', 'planets', 'seaice', 'taxis', 'tips', 'titanic']
2026-07-05 12:05:01 | INFO | M01 | Chosen target (y): survived
2026-07-05 12:05:01 | INFO | M01 | Target is numeric? True
2026-07-05 12:05:01 | INFO | M01 | Implied problem type: regression (we want to predict a number)
2026-07-05 12:05:01 | INFO | M01 | Candidate features (X): ['pclass', 'sex', 'age', 'sibsp', 'parch', 'fare', 'embarked', 'class', 'who', 'adult_male', 'deck', 'embark_town', 'alive', 'alone']
2026-07-05 12:05:01 | INFO | M01 | ========================
2026-07-05 12:05:01 | INFO | M01 | SUMMARY OF KEY FACTS
2026-07-05 12:05:01 | INFO | M01 | ========================
2026-07-05 12:05:01 | INFO | M01 | Dataset:           titanic
2026-07-05 12:05:01 | INFO | M01 | Instances:         891
2026-07-05 12:05:01 | INFO | M01 | Candidate target:  survived
2026-07-05 12:05:01 | INFO | M01 | Problem type:      regression (we want to predict a number)
2026-07-05 12:05:01 | INFO | M01 | Candidate features: ['pclass', 'sex', 'age', 'sibsp', 'parch', 'fare', 'embarked', 'class', 'who', 'adult_male', 'deck', 'embark_town', 'alive', 'alone']
2026-07-05 12:05:01 | INFO | M01 | ========================
2026-07-05 12:13:30 | INFO | M01 | === RUN START ===
2026-07-05 12:13:30 | INFO | M01 | project=M01
2026-07-05 12:13:30 | INFO | M01 | repo_dir=ml-01-intro
2026-07-05 12:13:30 | INFO | M01 | python=3.14.3
2026-07-05 12:13:30 | INFO | M01 | os=Windows 11
2026-07-05 12:13:30 | INFO | M01 | shell=powershell
2026-07-05 12:13:30 | INFO | M01 | cwd=notebooks
2026-07-05 12:13:30 | INFO | M01 | github_actions=False
2026-07-05 12:13:30 | INFO | M01 | Confirming installation:
2026-07-05 12:13:30 | INFO | M01 |   python:       3.14.3
2026-07-05 12:13:30 | INFO | M01 |   pandas:       3.0.3
2026-07-05 12:13:30 | INFO | M01 |   numpy:        2.5.0
2026-07-05 12:13:30 | INFO | M01 |   scikit-learn: 1.9.0
2026-07-05 12:13:30 | INFO | M01 |   seaborn:      0.13.2
2026-07-05 12:13:30 | INFO | M01 |   matplotlib:   3.11.0
2026-07-05 12:13:30 | INFO | M01 | Built-in Seaborn datasets: ['anagrams', 'anscombe', 'attention', 'brain_networks', 'car_crashes', 'diamonds', 'dots', 'dowjones', 'exercise', 'flights', 'fmri', 'geyser', 'glue', 'healthexp', 'iris', 'mpg', 'penguins', 'planets', 'seaice', 'taxis', 'tips', 'titanic']
2026-07-05 12:13:30 | INFO | M01 | Loading dataset: titanic
2026-07-05 12:13:30 | INFO | M01 | Loaded: 891 rows (instances), 15 columns
2026-07-05 12:13:30 | INFO | M01 | Instances (rows): 891
2026-07-05 12:13:30 | INFO | M01 | Columns:          15
2026-07-05 12:13:30 | INFO | M01 | Numeric columns (regression target / numeric feature): ['survived', 'pclass', 'age', 'sibsp', 'parch', 'fare']
2026-07-05 12:13:30 | INFO | M01 | Categorical columns (classification target / category): ['sex', 'embarked', 'class', 'who', 'adult_male', 'deck', 'embark_town', 'alive', 'alone']
2026-07-05 12:13:30 | INFO | M01 | Missing values by column:
survived         0
pclass           0
sex              0
age            177
sibsp            0
parch            0
fare             0
embarked         2
class            0
who              0
adult_male       0
deck           688
embark_town      2
alive            0
alone            0
dtype: int64
2026-07-05 12:13:30 | INFO | M01 | Missing values across all columns: 869
2026-07-05 12:13:30 | DEBUG | M01 | First rows:
2026-07-05 12:13:30 | DEBUG | M01 | 
   survived  pclass     sex   age  sibsp  parch     fare embarked  class    who  adult_male deck  embark_town alive  \
0         0       3    male  22.0      1      0   7.2500        S  Third    man        True  NaN  Southampton    no   
1         1       1  female  38.0      1      0  71.2833        C  First  woman       False    C    Cherbourg   yes   
2         1       3  female  26.0      0      0   7.9250        S  Third  woman       False  NaN  Southampton   yes   
3         1       1  female  35.0      1      0  53.1000        S  First  woman       False    C  Southampton   yes   
4         0       3    male  35.0      0      0   8.0500        S  Third    man        True  NaN  Southampton    no   

   alone  
0  False  
1  False  
2   True  
3  False  
4   True  
2026-07-05 12:13:31 | INFO | M01 | Chosen target (y): survived
2026-07-05 12:13:31 | INFO | M01 | Target is numeric? True
2026-07-05 12:13:31 | INFO | M01 | Implied problem type: regression (we want to predict a number)
2026-07-05 12:13:31 | INFO | M01 | Candidate features (X): ['pclass', 'sex', 'age', 'sibsp', 'parch', 'fare', 'embarked', 'class', 'who', 'adult_male', 'deck', 'embark_town', 'alive', 'alone']
2026-07-05 12:13:31 | INFO | M01 | ========================
2026-07-05 12:13:31 | INFO | M01 | SUMMARY OF KEY FACTS
2026-07-05 12:13:31 | INFO | M01 | ========================
2026-07-05 12:13:31 | INFO | M01 | Dataset:           titanic
2026-07-05 12:13:31 | INFO | M01 | Instances:         891
2026-07-05 12:13:31 | INFO | M01 | Candidate target:  survived
2026-07-05 12:13:31 | INFO | M01 | Problem type:      regression (we want to predict a number)
2026-07-05 12:13:31 | INFO | M01 | Candidate features: ['pclass', 'sex', 'age', 'sibsp', 'parch', 'fare', 'embarked', 'class', 'who', 'adult_male', 'deck', 'embark_town', 'alive', 'alone']
2026-07-05 12:13:31 | INFO | M01 | ========================
